[2024-05-16 20:21:46] [ WARN ] [BD:34] Error de Sintaxis en sentencia SQL "CREATE TABLE DOMICILIOS (ID INT AUTO_INCREMENT PRIMARY KEY, CALLE VARCHAR(100) NOT NULL, NUMERO INT NOT NULL, LOCALIDAD VARCHAR(100) NOT NULL, PROVINCIA VARCHAR(100) NOT NULL[*]"; se esperaba "DEFAULT, GENERATED, ON UPDATE, DEFAULT ON NULL, SEQUENCE, SELECTIVITY, COMMENT, CONSTRAINT, COMMENT, PRIMARY KEY, UNIQUE, NOT NULL, CHECK, REFERENCES, ,, )"
Syntax error in SQL statement "CREATE TABLE DOMICILIOS (ID INT AUTO_INCREMENT PRIMARY KEY, CALLE VARCHAR(100) NOT NULL, NUMERO INT NOT NULL, LOCALIDAD VARCHAR(100) NOT NULL, PROVINCIA VARCHAR(100) NOT NULL[*]"; expected "DEFAULT, GENERATED, ON UPDATE, DEFAULT ON NULL, SEQUENCE, SELECTIVITY, COMMENT, CONSTRAINT, COMMENT, PRIMARY KEY, UNIQUE, NOT NULL, CHECK, REFERENCES, ,, )"; SQL statement:
CREATE TABLE DOMICILIOS (ID INT AUTO_INCREMENT PRIMARY KEY, CALLE VARCHAR(100) NOT NULL, NUMERO INT NOT NULL, LOCALIDAD VARCHAR(100) NOT NULL, PROVINCIA VARCHAR(100) NOT NULL [42001-224]
[2024-05-16 20:21:46] [ INFO ] [PacienteDAOH2:23] iniciando la operacion de buscado de un paciente con id : 2
[2024-05-16 20:21:46] [ ERROR] [PacienteDAOH2:41] Table "PACIENTES" not found (this database is empty); SQL statement:
SELECT * FROM PACIENTES WHERE ID=? [42104-224]
[2024-05-16 20:23:58] [ WARN ] [BD:34] Conversión de datos fallida, convirtiendo "2003 (PACIENTES: ""FECHA_INGRESO"" DATE NOT NULL)"
Data conversion error converting "2003 (PACIENTES: ""FECHA_INGRESO"" DATE NOT NULL)"; SQL statement:
INSERT INTO PACIENTES (NOMBRE, APELLIDO, CEDULA, FECHA_INGRESO, DOMICILIO_ID) VALUES ('Jorgito','Pereyra','111111',2024-05-16, 1), ('German','Fraire','22222',2024-05-10,2) [22018-224]
[2024-05-16 20:23:58] [ INFO ] [PacienteDAOH2:23] iniciando la operacion de buscado de un paciente con id : 2
[2024-05-16 20:25:34] [ WARN ] [BD:34] Error de Sintaxis en sentencia SQL "INSERT INTO PACIENTES (NOMBRE, APELLIDO, CEDULA, FECHA_INGRESO, DOMICILIO_ID) VALUES ('Jorgito','Pereyra','111111'','2024-05-16', 1), ('German','Fraire','22222','2024-05-10',2); INSERT INTO DOMICILIOS  (CALLE, NUMERO, LOCALIDAD, PROVINCIA) VALUES ('Siempre Viva',742,'Springfield','USA'),('Av. Uruguay',345,'Punta del Este','Uruguay[*]')"
Syntax error in SQL statement "INSERT INTO PACIENTES (NOMBRE, APELLIDO, CEDULA, FECHA_INGRESO, DOMICILIO_ID) VALUES ('Jorgito','Pereyra','111111'','2024-05-16', 1), ('German','Fraire','22222','2024-05-10',2); INSERT INTO DOMICILIOS  (CALLE, NUMERO, LOCALIDAD, PROVINCIA) VALUES ('Siempre Viva',742,'Springfield','USA'),('Av. Uruguay',345,'Punta del Este','Uruguay[*]')"; SQL statement:
INSERT INTO PACIENTES (NOMBRE, APELLIDO, CEDULA, FECHA_INGRESO, DOMICILIO_ID) VALUES ('Jorgito','Pereyra','111111'','2024-05-16', 1), ('German','Fraire','22222','2024-05-10',2); INSERT INTO DOMICILIOS  (CALLE, NUMERO, LOCALIDAD, PROVINCIA) VALUES ('Siempre Viva',742,'Springfield','USA'),('Av. Uruguay',345,'Punta del Este','Uruguay') [42000-224]
[2024-05-16 20:25:34] [ INFO ] [PacienteDAOH2:23] iniciando la operacion de buscado de un paciente con id : 2
[2024-05-16 20:26:42] [ INFO ] [BD:29] tabla creada con exito
[2024-05-16 20:26:42] [ INFO ] [PacienteDAOH2:23] iniciando la operacion de buscado de un paciente con id : 2
[2024-05-16 20:26:42] [ INFO ] [DomicilioDAOH2:22] iniciando la busqueda de un domicilio con id: 2
[2024-05-16 21:14:52] [ INFO ] [BD:29] tabla creada con exito
[2024-05-16 21:14:52] [ INFO ] [PacienteDAOH2:23] iniciando la operacion de buscado de un paciente con id : 2
[2024-05-16 21:14:52] [ INFO ] [DomicilioDAOH2:22] iniciando la busqueda de un domicilio con id: 2
[2024-05-16 22:27:16] [ INFO ] [BD:33] tabla creada con exito
[2024-05-16 22:27:16] [ WARN ] [OdontologoDAOH2:33] Cannot invoke "java.lang.Integer.intValue()" because the return value of "model.Odontologo.getNumeroMatricula()" is null
[2024-05-16 22:29:46] [ INFO ] [BD:33] tabla creada con exito
[2024-05-16 22:29:46] [ INFO ] [OdontologoDAOH2:55] iniciando la operacion de listar todos los odontologos
[2024-05-16 22:32:06] [ INFO ] [BD:33] tabla creada con exito
[2024-05-16 22:32:06] [ WARN ] [OdontologoDAOH2:33] Cannot invoke "java.lang.Integer.intValue()" because the return value of "model.Odontologo.getNumeroMatricula()" is null
[2024-05-16 22:32:06] [ WARN ] [OdontologoDAOH2:33] Cannot invoke "java.lang.Integer.intValue()" because the return value of "model.Odontologo.getNumeroMatricula()" is null
[2024-05-16 22:32:06] [ WARN ] [OdontologoDAOH2:33] Cannot invoke "java.lang.Integer.intValue()" because the return value of "model.Odontologo.getNumeroMatricula()" is null
[2024-05-16 22:32:06] [ INFO ] [OdontologoDAOH2:55] iniciando la operacion de listar todos los odontologos
[2024-05-16 22:32:55] [ INFO ] [BD:33] tabla creada con exito
[2024-05-16 22:32:55] [ WARN ] [OdontologoDAOH2:33] Cannot invoke "java.lang.Integer.intValue()" because the return value of "model.Odontologo.getNumeroMatricula()" is null
[2024-05-16 22:32:55] [ WARN ] [OdontologoDAOH2:33] Cannot invoke "java.lang.Integer.intValue()" because the return value of "model.Odontologo.getNumeroMatricula()" is null
[2024-05-16 22:32:55] [ WARN ] [OdontologoDAOH2:33] Cannot invoke "java.lang.Integer.intValue()" because the return value of "model.Odontologo.getNumeroMatricula()" is null
[2024-05-16 22:32:55] [ INFO ] [OdontologoDAOH2:55] iniciando la operacion de listar todos los odontologos
[2024-05-16 22:33:40] [ INFO ] [BD:33] tabla creada con exito
[2024-05-16 22:33:40] [ INFO ] [OdontologoDAOH2:31] se inserto el nuevo odontologo
[2024-05-16 22:33:40] [ INFO ] [OdontologoDAOH2:31] se inserto el nuevo odontologo
[2024-05-16 22:33:40] [ INFO ] [OdontologoDAOH2:31] se inserto el nuevo odontologo
[2024-05-16 22:33:40] [ INFO ] [OdontologoDAOH2:55] iniciando la operacion de listar todos los odontologos
[2024-05-16 22:55:09] [ INFO ] [OdontologoDAOCollection:25] se inserto el nuevo odontologo a la lista
